#
# A fatal error has been detected by the Java Runtime Environment:
#
#  SIGSEGV (0xb) at pc=0x000000012c10785e, pid=83517, tid=0x000000000001ed07
#
# JRE version: Java(TM) SE Runtime Environment (8.0_131-b11) (build 1.8.0_131-b11)
# Java VM: Java HotSpot(TM) 64-Bit Server VM (25.131-b11 mixed mode bsd-amd64 compressed oops)
# Problematic frame:
# C  [libjfxmedia_avf.dylib+0x785e]  _ZN18AVFKernelComponent18ProcessBufferListsERjRK15AudioBufferListRS1_j+0x22
#
# Failed to write core dump. Core dumps have been disabled. To enable core dumping, try "ulimit -c unlimited" before starting Java again
#
# If you would like to submit a bug report, please visit:
#   http://bugreport.java.com/bugreport/crash.jsp
#

---------------  T H R E A D  ---------------

Current thread is native thread

siginfo: si_signo: 11 (SIGSEGV), si_code: 0 (unknown), si_addr: 0x0000000000000000

Registers:
RAX=0x900007fd0ee8ac3b, RBX=0x000070000c0c9a54, RCX=0x00007fd0f1df3c80, RDX=0x00007fd0f1df3cb0
RSP=0x000070000c0c97a0, RBP=0x000070000c0c97a0, RSI=0x000070000c0c9a54, RDI=0x00007fd0ee8ab640
R8 =0x0000000000001000, R9 =0x000070000c0c95b7, R10=0x000000012c122290, R11=0xffffffffffffffd0
R12=0x00007fd0f1df3560, R13=0x00007fd0f1df3cb0, R14=0x000000012c10783c, R15=0x0000000000001000
RIP=0x000000012c10785e, EFLAGS=0x0000000000010202, ERR=0x0000000000000000
  TRAPNO=0x000000000000000d

Top of Stack: (sp=0x000070000c0c97a0)
0x000070000c0c97a0:   000070000c0c9800 000000012c110ab2
0x000070000c0c97b0:   0000000000000000 000070000c0c9a54
0x000070000c0c97c0:   0000000000000000 0000000000000000
0x000070000c0c97d0:   0000000000000000 000070000c0c9a54
0x000070000c0c97e0:   00007fd0f1df3560 00007fd0f1df38c0
0x000070000c0c97f0:   00007fd0f1df45c0 0000000000001000
0x000070000c0c9800:   000070000c0c9850 000000012c10b369
0x000070000c0c9810:   0000000000000000 000070000c0c9a78
0x000070000c0c9820:   0000000000000000 0000000000009fe0
0x000070000c0c9830:   00007fd0f1df38c0 00000000ffffffce
0x000070000c0c9840:   0000000000001000 00007fd0f1df3560
0x000070000c0c9850:   000070000c0c98c0 000000012c1099a1
0x000070000c0c9860:   00007fd0f1df45c0 00009fe09ae6d257
0x000070000c0c9870:   000070000c0c9a54 000070000c0c9a78
0x000070000c0c9880:   000000000c0c98e0 00007fd0f1df45c0
0x000070000c0c9890:   00009fe000000000 00000000ffffffce
0x000070000c0c98a0:   000070000c0c9a54 0000000000000000
0x000070000c0c98b0:   0000000000001000 000070000c0c9a78
0x000070000c0c98c0:   000070000c0c98e0 000000012c10d996
0x000070000c0c98d0:   00000000fffffffc 00007fd0f1df40a0
0x000070000c0c98e0:   000070000c0c9920 000000012c10c777
0x000070000c0c98f0:   00007fd0f1df40a0 000070000c0c9a78
0x000070000c0c9900:   00007fd0f1df3e30 00000000ffffd584
0x000070000c0c9910:   000070000c0c9a54 0000000000001000
0x000070000c0c9920:   000070000c0c9980 000000012c1108f0
0x000070000c0c9930:   0000000000000000 000070000c0c9a54
0x000070000c0c9940:   0000000000000000 0000000000000000
0x000070000c0c9950:   0000000000000000 000070000c0c9a54
0x000070000c0c9960:   00007fd0f1df3e30 00007fd0f1df4190
0x000070000c0c9970:   00007fd0f1e2aa08 0000000000001000
0x000070000c0c9980:   000070000c0c99d0 000000012c10b369
0x000070000c0c9990:   0000000000000000 000070000c0c9a78 

Instructions: (pc=0x000000012c10785e)
0x000000012c10783e:   89 e5 80 bf d0 01 00 00 00 74 06 5d e9 bf 92 00
0x000000012c10784e:   00 48 8b bf d8 01 00 00 48 85 ff 74 0a 48 8b 07
0x000000012c10785e:   48 8b 40 28 5d ff e0 31 c0 5d c3 90 55 48 89 e5
0x000000012c10786e:   41 57 41 56 41 55 41 54 53 50 4d 89 c6 41 89 d5 

Register to memory mapping:

RAX=0x900007fd0ee8ac3b is an unknown value
RBX=0x000070000c0c9a54 is an unknown value
RCX=0x00007fd0f1df3c80 is an unknown value
RDX=0x00007fd0f1df3cb0 is an unknown value
RSP=0x000070000c0c97a0 is an unknown value
RBP=0x000070000c0c97a0 is an unknown value
RSI=0x000070000c0c9a54 is an unknown value
RDI=0x00007fd0ee8ab640 is an unknown value
R8 =0x0000000000001000 is an unknown value
R9 =0x000070000c0c95b7 is an unknown value
R10=0x000000012c122290: _ZTV18AVFEqualizerKernel+0x10 in /Library/Java/JavaVirtualMachines/jdk1.8.0_131.jdk/Contents/Home/jre/lib/libjfxmedia_avf.dylib at 0x000000012c100000
R11=0xffffffffffffffd0 is an unknown value
R12=0x00007fd0f1df3560 is an unknown value
R13=0x00007fd0f1df3cb0 is an unknown value
R14=0x000000012c10783c: _ZN18AVFKernelComponent18ProcessBufferListsERjRK15AudioBufferListRS1_j+0 in /Library/Java/JavaVirtualMachines/jdk1.8.0_131.jdk/Contents/Home/jre/lib/libjfxmedia_avf.dylib at 0x000000012c100000
R15=0x0000000000001000 is an unknown value


Stack: [0x000070000c04a000,0x000070000c0ca000],  sp=0x000070000c0c97a0,  free space=509k
Native frames: (J=compiled Java code, j=interpreted, Vv=VM code, C=native code)
C  [libjfxmedia_avf.dylib+0x785e]  _ZN18AVFKernelComponent18ProcessBufferListsERjRK15AudioBufferListRS1_j+0x22
C  [libjfxmedia_avf.dylib+0x10ab2]  _ZN12AUEffectBase6RenderERjRK14AudioTimeStampj+0x240
C  [libjfxmedia_avf.dylib+0xb369]  _ZN6AUBase11DoRenderBusERjRK14AudioTimeStampjP15AUOutputElementjR15AudioBufferList+0xa9
C  [libjfxmedia_avf.dylib+0x99a1]  _ZN6AUBase8DoRenderERjRK14AudioTimeStampjjR15AudioBufferList+0x1b9
C  [libjfxmedia_avf.dylib+0xd996]  _ZL14AUMethodRenderPvPjPK14AudioTimeStampjjP15AudioBufferList+0x2e
C  [libjfxmedia_avf.dylib+0xc777]  _ZN14AUInputElement9PullInputERjRK14AudioTimeStampjj+0x8d
C  [libjfxmedia_avf.dylib+0x108f0]  _ZN12AUEffectBase6RenderERjRK14AudioTimeStampj+0x7e
C  [libjfxmedia_avf.dylib+0xb369]  _ZN6AUBase11DoRenderBusERjRK14AudioTimeStampjP15AUOutputElementjR15AudioBufferList+0xa9
C  [libjfxmedia_avf.dylib+0x99a1]  _ZN6AUBase8DoRenderERjRK14AudioTimeStampjjR15AudioBufferList+0x1b9
C  [libjfxmedia_avf.dylib+0xd996]  _ZL14AUMethodRenderPvPjPK14AudioTimeStampjjP15AudioBufferList+0x2e
C  [libjfxmedia_avf.dylib+0x54b1]  _ZL15ProcessAudioTapPKvljP15AudioBufferListPlPj+0x63
C  [MediaToolbox+0x3713fd]  MTAudioProcessingTapGetSourceAudio+0x852
C  [AudioToolbox+0xe41e9]  _Z25AQClientCallProcessingTapPvjP14AudioTimeStampPjS2_P15AudioBufferListidjdjPKhj+0x5d
C  [AudioToolbox+0x16af0e]  _ZN15AQProcessingTap9DoCalloutERjR14AudioTimeStampS0_R15AudioBufferList+0xbc
C  [AudioToolbox+0x16ad0d]  _ZN16AudioQueueObject18PerformTapInternalER14AudioTimeStampRjS2_+0x85
C  [AudioToolbox+0x16ac13]  _ZN16AudioQueueObject20PerformProcessingTapEPFiPvRjRK14AudioTimeStampjR15AudioBufferListRdS1_ES0_RS2_S1_S6_S1_+0xc5
C  [AudioToolbox+0x176227]  _ZN14MEMixerChannel13TapDownstreamEPvPjPK14AudioTimeStampjjP15AudioBufferList+0x81
C  [CoreAudio+0x10cef5]  _ZN14AUInputElement9PullInputERjRK14AudioTimeStampjj+0xb9
C  [CoreAudio+0x5f574]  _ZN18AUDeferredRenderer7ProduceEv+0x240
C  [CoreAudio+0x5f2ab]  _ZN18AUDeferredRenderer18ProducerThreadProcEv+0x31
C  [CoreAudio+0x5ecab]  _ZN18AUDeferredRenderer18ProducerThreadProcEPv+0x1f
C  [CoreAudio+0x1236e5]  _ZN9CAPThread5EntryEPS_+0x55
C  [libsystem_pthread.dylib+0x393b]  _pthread_body+0xb4
C  [libsystem_pthread.dylib+0x3887]  _pthread_body+0x0
C  [libsystem_pthread.dylib+0x308d]  thread_start+0xd


---------------  P R O C E S S  ---------------

VM state:not at safepoint (normal execution)

VM Mutex/Monitor currently owned by a thread: None

Heap:
 PSYoungGen      total 158208K, used 110717K [0x0000000795580000, 0x00000007a4980000, 0x00000007c0000000)
  eden space 143360K, 75% used [0x0000000795580000,0x000000079bee1b20,0x000000079e180000)
  from space 14848K, 18% used [0x000000079e180000,0x000000079e43d970,0x000000079f000000)
  to   space 14336K, 0% used [0x00000007a3b80000,0x00000007a3b80000,0x00000007a4980000)
 ParOldGen       total 86016K, used 24001K [0x0000000740000000, 0x0000000745400000, 0x0000000795580000)
  object space 86016K, 27% used [0x0000000740000000,0x0000000741770408,0x0000000745400000)
 Metaspace       used 29664K, capacity 30722K, committed 30848K, reserved 1075200K
  class space    used 3862K, capacity 4127K, committed 4224K, reserved 1048576K

Card table byte_map: [0x0000000105763000,0x0000000105b64000] byte_map_base: 0x0000000101d63000

Marking Bits: (ParMarkBitMap*) 0x0000000104cf1ea0
 Begin Bits: [0x0000000105e0f000, 0x0000000107e0f000)
 End Bits:   [0x0000000107e0f000, 0x0000000109e0f000)

Polling page: 0x0000000103284000

CodeCache: size=245760Kb used=13772Kb max_used=13772Kb free=231987Kb
 bounds [0x0000000112d44000, 0x0000000113ad4000, 0x0000000121d44000]
 total_blobs=5130 nmethods=4323 adapters=719
 compilation: enabled

Compilation events (10 events):
Event: 11.835 Thread 0x00007fd0ea826800 4828       3       sun.security.jca.ProviderList$ServiceList::addService (60 bytes)
Event: 11.835 Thread 0x00007fd0ea826800 nmethod 4828 0x0000000113ac2b90 code [0x0000000113ac2d60, 0x0000000113ac3568]
Event: 11.851 Thread 0x00007fd0ea826000 4834       4       java.util.concurrent.locks.ReentrantLock$Sync::tryRelease (45 bytes)
Event: 11.852 Thread 0x00007fd0ea826000 nmethod 4834 0x0000000113abdad0 code [0x0000000113abdc20, 0x0000000113abdcd8]
Event: 11.879 Thread 0x00007fd0ea826800 4836       3       java.util.Collections::sort (8 bytes)
Event: 11.879 Thread 0x00007fd0ea826800 nmethod 4836 0x0000000113abee50 code [0x0000000113abefc0, 0x0000000113abf1c8]
Event: 11.879 Thread 0x00007fd0ea826800 4835       1       com.sun.webkit.network.Cookie::getDomain (5 bytes)
Event: 11.879 Thread 0x00007fd0ea826800 nmethod 4835 0x0000000113abd790 code [0x0000000113abd8e0, 0x0000000113abd9f0]
Event: 11.880 Thread 0x00007fd0ea826800 4837   !   3       java.util.concurrent.LinkedBlockingQueue::take (93 bytes)
Event: 11.881 Thread 0x00007fd0ea826800 nmethod 4837 0x0000000113ac56d0 code [0x0000000113ac59c0, 0x0000000113ac7078]

GC Heap History (10 events):
Event: 5.112 GC heap before
{Heap before GC invocations=6 (full 1):
 PSYoungGen      total 45568K, used 45519K [0x0000000795580000, 0x0000000798d00000, 0x00000007c0000000)
  eden space 40448K, 99% used [0x0000000795580000,0x0000000797cf7df0,0x0000000797d00000)
  from space 5120K, 99% used [0x0000000798200000,0x00000007986fc0a8,0x0000000798700000)
  to   space 5120K, 0% used [0x0000000797d00000,0x0000000797d00000,0x0000000798200000)
 ParOldGen       total 86016K, used 18815K [0x0000000740000000, 0x0000000745400000, 0x0000000795580000)
  object space 86016K, 21% used [0x0000000740000000,0x000000074125fc68,0x0000000745400000)
 Metaspace       used 27804K, capacity 28776K, committed 28928K, reserved 1075200K
  class space    used 3725K, capacity 3972K, committed 4096K, reserved 1048576K
Event: 5.116 GC heap after
Heap after GC invocations=6 (full 1):
 PSYoungGen      total 45568K, used 5117K [0x0000000795580000, 0x000000079bc00000, 0x00000007c0000000)
  eden space 40448K, 0% used [0x0000000795580000,0x0000000795580000,0x0000000797d00000)
  from space 5120K, 99% used [0x0000000797d00000,0x00000007981ff5c0,0x0000000798200000)
  to   space 14848K, 0% used [0x000000079ad80000,0x000000079ad80000,0x000000079bc00000)
 ParOldGen       total 86016K, used 18935K [0x0000000740000000, 0x0000000745400000, 0x0000000795580000)
  object space 86016K, 22% used [0x0000000740000000,0x000000074127dc20,0x0000000745400000)
 Metaspace       used 27804K, capacity 28776K, committed 28928K, reserved 1075200K
  class space    used 3725K, capacity 3972K, committed 4096K, reserved 1048576K
}
Event: 5.125 GC heap before
{Heap before GC invocations=7 (full 1):
 PSYoungGen      total 45568K, used 45545K [0x0000000795580000, 0x000000079bc00000, 0x00000007c0000000)
  eden space 40448K, 99% used [0x0000000795580000,0x0000000797cfb118,0x0000000797d00000)
  from space 5120K, 99% used [0x0000000797d00000,0x00000007981ff5c0,0x0000000798200000)
  to   space 14848K, 0% used [0x000000079ad80000,0x000000079ad80000,0x000000079bc00000)
 ParOldGen       total 86016K, used 18935K [0x0000000740000000, 0x0000000745400000, 0x0000000795580000)
  object space 86016K, 22% used [0x0000000740000000,0x000000074127dc20,0x0000000745400000)
 Metaspace       used 27804K, capacity 28776K, committed 28928K, reserved 1075200K
  class space    used 3725K, capacity 3972K, committed 4096K, reserved 1048576K
Event: 5.129 GC heap after
Heap after GC invocations=7 (full 1):
 PSYoungGen      total 90112K, used 5254K [0x0000000795580000, 0x000000079be80000, 0x00000007c0000000)
  eden space 75264K, 0% used [0x0000000795580000,0x0000000795580000,0x0000000799f00000)
  from space 14848K, 35% used [0x000000079ad80000,0x000000079b2a18d0,0x000000079bc00000)
  to   space 14848K, 0% used [0x0000000799f00000,0x0000000799f00000,0x000000079ad80000)
 ParOldGen       total 86016K, used 18935K [0x0000000740000000, 0x0000000745400000, 0x0000000795580000)
  object space 86016K, 22% used [0x0000000740000000,0x000000074127dc20,0x0000000745400000)
 Metaspace       used 27804K, capacity 28776K, committed 28928K, reserved 1075200K
  class space    used 3725K, capacity 3972K, committed 4096K, reserved 1048576K
}
Event: 5.152 GC heap before
{Heap before GC invocations=8 (full 1):
 PSYoungGen      total 90112K, used 80397K [0x0000000795580000, 0x000000079be80000, 0x00000007c0000000)
  eden space 75264K, 99% used [0x0000000795580000,0x0000000799ee1c00,0x0000000799f00000)
  from space 14848K, 35% used [0x000000079ad80000,0x000000079b2a18d0,0x000000079bc00000)
  to   space 14848K, 0% used [0x0000000799f00000,0x0000000799f00000,0x000000079ad80000)
 ParOldGen       total 86016K, used 18935K [0x0000000740000000, 0x0000000745400000, 0x0000000795580000)
  object space 86016K, 22% used [0x0000000740000000,0x000000074127dc20,0x0000000745400000)
 Metaspace       used 27804K, capacity 28776K, committed 28928K, reserved 1075200K
  class space    used 3725K, capacity 3972K, committed 4096K, reserved 1048576K
Event: 5.156 GC heap after
Heap after GC invocations=8 (full 1):
 PSYoungGen      total 90112K, used 6086K [0x0000000795580000, 0x000000079fd80000, 0x00000007c0000000)
  eden space 75264K, 0% used [0x0000000795580000,0x0000000795580000,0x0000000799f00000)
  from space 14848K, 40% used [0x0000000799f00000,0x000000079a4f1818,0x000000079ad80000)
  to   space 13824K, 0% used [0x000000079f000000,0x000000079f000000,0x000000079fd80000)
 ParOldGen       total 86016K, used 18935K [0x0000000740000000, 0x0000000745400000, 0x0000000795580000)
  object space 86016K, 22% used [0x0000000740000000,0x000000074127dc20,0x0000000745400000)
 Metaspace       used 27804K, capacity 28776K, committed 28928K, reserved 1075200K
  class space    used 3725K, capacity 3972K, committed 4096K, reserved 1048576K
}
Event: 5.170 GC heap before
{Heap before GC invocations=9 (full 1):
 PSYoungGen      total 90112K, used 81260K [0x0000000795580000, 0x000000079fd80000, 0x00000007c0000000)
  eden space 75264K, 99% used [0x0000000795580000,0x0000000799ee9860,0x0000000799f00000)
  from space 14848K, 40% used [0x0000000799f00000,0x000000079a4f1818,0x000000079ad80000)
  to   space 13824K, 0% used [0x000000079f000000,0x000000079f000000,0x000000079fd80000)
 ParOldGen       total 86016K, used 18935K [0x0000000740000000, 0x0000000745400000, 0x0000000795580000)
  object space 86016K, 22% used [0x0000000740000000,0x000000074127dc20,0x0000000745400000)
 Metaspace       used 27805K, capacity 28776K, committed 28928K, reserved 1075200K
  class space    used 3725K, capacity 3972K, committed 4096K, reserved 1048576K
Event: 5.174 GC heap after
Heap after GC invocations=9 (full 1):
 PSYoungGen      total 157184K, used 446K [0x0000000795580000, 0x00000007a0080000, 0x00000007c0000000)
  eden space 143360K, 0% used [0x0000000795580000,0x0000000795580000,0x000000079e180000)
  from space 13824K, 3% used [0x000000079f000000,0x000000079f06f890,0x000000079fd80000)
  to   space 14848K, 0% used [0x000000079e180000,0x000000079e180000,0x000000079f000000)
 ParOldGen       total 86016K, used 23937K [0x0000000740000000, 0x0000000745400000, 0x0000000795580000)
  object space 86016K, 27% used [0x0000000740000000,0x0000000741760408,0x0000000745400000)
 Metaspace       used 27805K, capacity 28776K, committed 28928K, reserved 1075200K
  class space    used 3725K, capacity 3972K, committed 4096K, reserved 1048576K
}
Event: 6.051 GC heap before
{Heap before GC invocations=10 (full 1):
 PSYoungGen      total 157184K, used 143806K [0x0000000795580000, 0x00000007a0080000, 0x00000007c0000000)
  eden space 143360K, 100% used [0x0000000795580000,0x000000079e180000,0x000000079e180000)
  from space 13824K, 3% used [0x000000079f000000,0x000000079f06f890,0x000000079fd80000)
  to   space 14848K, 0% used [0x000000079e180000,0x000000079e180000,0x000000079f000000)
 ParOldGen       total 86016K, used 23937K [0x0000000740000000, 0x0000000745400000, 0x0000000795580000)
  object space 86016K, 27% used [0x0000000740000000,0x0000000741760408,0x0000000745400000)
 Metaspace       used 28884K, capacity 29896K, committed 30080K, reserved 1075200K
  class space    used 3832K, capacity 4098K, committed 4224K, reserved 1048576K
Event: 6.054 GC heap after
Heap after GC invocations=10 (full 1):
 PSYoungGen      total 158208K, used 2806K [0x0000000795580000, 0x00000007a4980000, 0x00000007c0000000)
  eden space 143360K, 0% used [0x0000000795580000,0x0000000795580000,0x000000079e180000)
  from space 14848K, 18% used [0x000000079e180000,0x000000079e43d970,0x000000079f000000)
  to   space 14336K, 0% used [0x00000007a3b80000,0x00000007a3b80000,0x00000007a4980000)
 ParOldGen       total 86016K, used 24001K [0x0000000740000000, 0x0000000745400000, 0x0000000795580000)
  object space 86016K, 27% used [0x0000000740000000,0x0000000741770408,0x0000000745400000)
 Metaspace       used 28884K, capacity 29896K, committed 30080K, reserved 1075200K
  class space    used 3832K, capacity 4098K, committed 4224K, reserved 1048576K
}

Deoptimization events (10 events):
Event: 7.826 Thread 0x00007fd0eb85b800 Uncommon trap: reason=unstable_if action=reinterpret pc=0x000000011352b280 method=com.sun.javafx.iio.common.SmoothMinifier.putSourceScanline([BI)Z @ 718
Event: 8.045 Thread 0x00007fd0eb85b800 Uncommon trap: reason=unstable_if action=reinterpret pc=0x00000001138cdcf0 method=com.sun.javafx.iio.common.SmoothMinifier.putSourceScanline([BI)Z @ 419
Event: 8.046 Thread 0x00007fd0eb85b800 Uncommon trap: reason=array_check action=maybe_recompile pc=0x00000001137010f8 method=com.sun.javafx.css.SimpleSelector.applies(Ljavafx/css/Styleable;[Ljava/util/Set;I)Z @ 37
Event: 8.046 Thread 0x00007fd0eb85b800 Uncommon trap: reason=array_check action=maybe_recompile pc=0x00000001137010f8 method=com.sun.javafx.css.SimpleSelector.applies(Ljavafx/css/Styleable;[Ljava/util/Set;I)Z @ 37
Event: 8.046 Thread 0x00007fd0eb85b800 Uncommon trap: reason=array_check action=maybe_recompile pc=0x00000001137010f8 method=com.sun.javafx.css.SimpleSelector.applies(Ljavafx/css/Styleable;[Ljava/util/Set;I)Z @ 37
Event: 8.046 Thread 0x00007fd0eb85b800 Uncommon trap: reason=array_check action=maybe_recompile pc=0x00000001137010f8 method=com.sun.javafx.css.SimpleSelector.applies(Ljavafx/css/Styleable;[Ljava/util/Set;I)Z @ 37
Event: 10.426 Thread 0x00007fd0eb85b800 Uncommon trap: reason=array_check action=maybe_recompile pc=0x00000001139a8270 method=com.sun.javafx.css.CompoundSelector.applies(Ljavafx/css/Styleable;[Ljava/util/Set;I)Z @ 128
Event: 10.426 Thread 0x00007fd0eb85b800 Uncommon trap: reason=array_check action=maybe_recompile pc=0x00000001139a8270 method=com.sun.javafx.css.CompoundSelector.applies(Ljavafx/css/Styleable;[Ljava/util/Set;I)Z @ 128
Event: 10.426 Thread 0x00007fd0eb85b800 Uncommon trap: reason=array_check action=maybe_recompile pc=0x00000001139a8270 method=com.sun.javafx.css.CompoundSelector.applies(Ljavafx/css/Styleable;[Ljava/util/Set;I)Z @ 128
Event: 10.426 Thread 0x00007fd0eb85b800 Uncommon trap: reason=array_check action=maybe_recompile pc=0x00000001139a8270 method=com.sun.javafx.css.CompoundSelector.applies(Ljavafx/css/Styleable;[Ljava/util/Set;I)Z @ 128

Internal exceptions (10 events):
Event: 3.574 Thread 0x00007fd0eb85b800 Exception <a 'java/lang/ArrayIndexOutOfBoundsException': 139> (0x00000007967239f8) thrown at [/Users/java_re/workspace/8-2-build-macosx-x86_64/jdk8u131/8869/hotspot/src/share/vm/interpreter/interpreterRuntime.cpp, line 366]
Event: 3.574 Thread 0x00007fd0eb85b800 Exception <a 'java/lang/ArrayIndexOutOfBoundsException': 92> (0x00000007967254c0) thrown at [/Users/java_re/workspace/8-2-build-macosx-x86_64/jdk8u131/8869/hotspot/src/share/vm/interpreter/interpreterRuntime.cpp, line 366]
Event: 4.917 Thread 0x00007fd0eb85b800 Exception <a 'sun/nio/fs/UnixException'> (0x000000079565de60) thrown at [/Users/java_re/workspace/8-2-build-macosx-x86_64/jdk8u131/8869/hotspot/src/share/vm/prims/jni.cpp, line 709]
Event: 4.918 Thread 0x00007fd0eb85b800 Exception <a 'sun/nio/fs/UnixException'> (0x0000000795660028) thrown at [/Users/java_re/workspace/8-2-build-macosx-x86_64/jdk8u131/8869/hotspot/src/share/vm/prims/jni.cpp, line 709]
Event: 4.929 Thread 0x00007fd0eb85b800 Implicit null exception at 0x0000000112ff96f5 to 0x0000000112ff9ab5
Event: 4.985 Thread 0x00007fd0eb85b800 Implicit null exception at 0x0000000112f58876 to 0x0000000112f58c3d
Event: 5.360 Thread 0x00007fd0e9149000 Exception <a 'sun/nio/fs/UnixException'> (0x0000000796351ba0) thrown at [/Users/java_re/workspace/8-2-build-macosx-x86_64/jdk8u131/8869/hotspot/src/share/vm/prims/jni.cpp, line 709]
Event: 5.636 Thread 0x00007fd0eb85b800 Exception <a 'java/io/FileNotFoundException'> (0x0000000796c37600) thrown at [/Users/java_re/workspace/8-2-build-macosx-x86_64/jdk8u131/8869/hotspot/src/share/vm/prims/jni.cpp, line 709]
Event: 10.419 Thread 0x00007fd0eb85b800 Exception <a 'sun/nio/fs/UnixException'> (0x0000000798dcecf0) thrown at [/Users/java_re/workspace/8-2-build-macosx-x86_64/jdk8u131/8869/hotspot/src/share/vm/prims/jni.cpp, line 709]
Event: 10.419 Thread 0x00007fd0eb85b800 Exception <a 'sun/nio/fs/UnixException'> (0x0000000798dd0188) thrown at [/Users/java_re/workspace/8-2-build-macosx-x86_64/jdk8u131/8869/hotspot/src/share/vm/prims/jni.cpp, line 709]

Events (10 events):
Event: 11.834 Executing VM operation: BulkRevokeBias
Event: 11.834 Executing VM operation: BulkRevokeBias done
Event: 11.834 Thread 0x00007fd0e9c0e800 Thread exited: 0x00007fd0e9c0e800
Event: 11.845 loading class com/sun/webkit/WebPage
Event: 11.845 loading class com/sun/webkit/WebPage done
Event: 11.879 Thread 0x00007fd0e9c6a800 Thread added: 0x00007fd0e9c6a800
Event: 11.879 Thread 0x00007fd0e9c6a800 Thread exited: 0x00007fd0e9c6a800
Event: 11.883 Executing VM operation: RevokeBias
Event: 11.883 Executing VM operation: RevokeBias done
Event: 11.883 Thread 0x00007fd0ecc97000 Thread exited: 0x00007fd0ecc97000


Dynamic libraries:
0x00000000269f6000 	/System/Library/Frameworks/Cocoa.framework/Versions/A/Cocoa
0x00000000269f6000 	/System/Library/Frameworks/Security.framework/Versions/A/Security
0x00000000269f6000 	/System/Library/Frameworks/ApplicationServices.framework/Versions/A/ApplicationServices
0x00000000269f6000 	/usr/lib/libz.1.dylib
0x00000000269f6000 	/usr/lib/libSystem.B.dylib
0x00000000269f6000 	/usr/lib/libobjc.A.dylib
0x00000000269f6000 	/System/Library/Frameworks/CoreFoundation.framework/Versions/A/CoreFoundation
0x00000000269f6000 	/System/Library/Frameworks/Foundation.framework/Versions/C/Foundation
0x00000000269f6000 	/System/Library/Frameworks/AppKit.framework/Versions/C/AppKit
0x00000000269f6000 	/System/Library/Frameworks/CoreData.framework/Versions/A/CoreData
0x00000000269f6000 	/System/Library/PrivateFrameworks/RemoteViewServices.framework/Versions/A/RemoteViewServices
0x00000000269f6000 	/System/Library/PrivateFrameworks/UIFoundation.framework/Versions/A/UIFoundation
0x00000000269f6000 	/System/Library/PrivateFrameworks/DFRFoundation.framework/Versions/A/DFRFoundation
0x00000000269f6000 	/usr/lib/libenergytrace.dylib
0x00000000269f6000 	/System/Library/PrivateFrameworks/SkyLight.framework/Versions/A/SkyLight
0x00000000269f6000 	/System/Library/Frameworks/CoreGraphics.framework/Versions/A/CoreGraphics
0x00000000269f6000 	/usr/lib/libScreenReader.dylib
0x00000000269f6000 	/System/Library/Frameworks/Accelerate.framework/Versions/A/Accelerate
0x00000000269f6000 	/System/Library/Frameworks/IOSurface.framework/Versions/A/IOSurface
0x00000000269f6000 	/System/Library/Frameworks/AudioToolbox.framework/Versions/A/AudioToolbox
0x00000000269f6000 	/System/Library/Frameworks/AudioUnit.framework/Versions/A/AudioUnit
0x00000000269f6000 	/System/Library/PrivateFrameworks/DataDetectorsCore.framework/Versions/A/DataDetectorsCore
0x00000000269f6000 	/System/Library/PrivateFrameworks/DesktopServicesPriv.framework/Versions/A/DesktopServicesPriv
0x00000000269f6000 	/System/Library/Frameworks/Carbon.framework/Versions/A/Frameworks/HIToolbox.framework/Versions/A/HIToolbox
0x00000000269f6000 	/usr/lib/libicucore.A.dylib
0x00000000269f6000 	/System/Library/Frameworks/QuartzCore.framework/Versions/A/QuartzCore
0x00000000269f6000 	/System/Library/Frameworks/Carbon.framework/Versions/A/Frameworks/SpeechRecognition.framework/Versions/A/SpeechRecognition
0x00000000269f6000 	/usr/lib/libauto.dylib
0x00000000269f6000 	/usr/lib/libxml2.2.dylib
0x00000000269f6000 	/System/Library/PrivateFrameworks/CoreUI.framework/Versions/A/CoreUI
0x00000000269f6000 	/System/Library/Frameworks/CoreAudio.framework/Versions/A/CoreAudio
0x00000000269f6000 	/System/Library/Frameworks/DiskArbitration.framework/Versions/A/DiskArbitration
0x00000000269f6000 	/usr/lib/liblangid.dylib
0x00000000269f6000 	/System/Library/PrivateFrameworks/MultitouchSupport.framework/Versions/A/MultitouchSupport
0x00000000269f6000 	/System/Library/Frameworks/IOKit.framework/Versions/A/IOKit
0x00000000269f6000 	/usr/lib/libDiagnosticMessagesClient.dylib
0x00000000269f6000 	/System/Library/Frameworks/CoreServices.framework/Versions/A/CoreServices
0x00000000269f6000 	/System/Library/PrivateFrameworks/PerformanceAnalysis.framework/Versions/A/PerformanceAnalysis
0x00000000269f6000 	/System/Library/PrivateFrameworks/GenerationalStorage.framework/Versions/A/GenerationalStorage
0x00000000269f6000 	/System/Library/Frameworks/OpenGL.framework/Versions/A/OpenGL
0x00000000269f6000 	/System/Library/Frameworks/CoreImage.framework/Versions/A/CoreImage
0x00000000269f6000 	/System/Library/Frameworks/CoreText.framework/Versions/A/CoreText
0x00000000269f6000 	/System/Library/Frameworks/ImageIO.framework/Versions/A/ImageIO
0x00000000269f6000 	/System/Library/PrivateFrameworks/Backup.framework/Versions/A/Backup
0x00000000269f6000 	/usr/lib/libarchive.2.dylib
0x00000000269f6000 	/System/Library/Frameworks/CFNetwork.framework/Versions/A/CFNetwork
0x00000000269f6000 	/System/Library/Frameworks/SystemConfiguration.framework/Versions/A/SystemConfiguration
0x00000000269f6000 	/usr/lib/libCRFSuite.dylib
0x00000000269f6000 	/usr/lib/libc++.1.dylib
0x00000000269f6000 	/usr/lib/libc++abi.dylib
0x00000000269f6000 	/usr/lib/system/libcache.dylib
0x00000000269f6000 	/usr/lib/system/libcommonCrypto.dylib
0x00000000269f6000 	/usr/lib/system/libcompiler_rt.dylib
0x00000000269f6000 	/usr/lib/system/libcopyfile.dylib
0x00000000269f6000 	/usr/lib/system/libcorecrypto.dylib
0x00000000269f6000 	/usr/lib/system/libdispatch.dylib
0x00000000269f6000 	/usr/lib/system/libdyld.dylib
0x00000000269f6000 	/usr/lib/system/libkeymgr.dylib
0x00000000269f6000 	/usr/lib/system/liblaunch.dylib
0x00000000269f6000 	/usr/lib/system/libmacho.dylib
0x00000000269f6000 	/usr/lib/system/libquarantine.dylib
0x00000000269f6000 	/usr/lib/system/libremovefile.dylib
0x00000000269f6000 	/usr/lib/system/libsystem_asl.dylib
0x00000000269f6000 	/usr/lib/system/libsystem_blocks.dylib
0x00000000269f6000 	/usr/lib/system/libsystem_c.dylib
0x00000000269f6000 	/usr/lib/system/libsystem_configuration.dylib
0x00000000269f6000 	/usr/lib/system/libsystem_coreservices.dylib
0x00000000269f6000 	/usr/lib/system/libsystem_coretls.dylib
0x00000000269f6000 	/usr/lib/system/libsystem_dnssd.dylib
0x00000000269f6000 	/usr/lib/system/libsystem_info.dylib
0x00000000269f6000 	/usr/lib/system/libsystem_kernel.dylib
0x00000000269f6000 	/usr/lib/system/libsystem_m.dylib
0x00000000269f6000 	/usr/lib/system/libsystem_malloc.dylib
0x00000000269f6000 	/usr/lib/system/libsystem_network.dylib
0x00000000269f6000 	/usr/lib/system/libsystem_networkextension.dylib
0x00000000269f6000 	/usr/lib/system/libsystem_notify.dylib
0x00000000269f6000 	/usr/lib/system/libsystem_platform.dylib
0x00000000269f6000 	/usr/lib/system/libsystem_pthread.dylib
0x00000000269f6000 	/usr/lib/system/libsystem_sandbox.dylib
0x00000000269f6000 	/usr/lib/system/libsystem_secinit.dylib
0x00000000269f6000 	/usr/lib/system/libsystem_symptoms.dylib
0x00000000269f6000 	/usr/lib/system/libsystem_trace.dylib
0x00000000269f6000 	/usr/lib/system/libunwind.dylib
0x00000000269f6000 	/usr/lib/system/libxpc.dylib
0x00000000269f6000 	/usr/lib/libbsm.0.dylib
0x00000000269f6000 	/usr/lib/system/libkxld.dylib
0x00000000269f6000 	/usr/lib/libcoretls.dylib
0x00000000269f6000 	/usr/lib/libcoretls_cfhelpers.dylib
0x00000000269f6000 	/usr/lib/libOpenScriptingUtil.dylib
0x00000000269f6000 	/usr/lib/libpam.2.dylib
0x00000000269f6000 	/usr/lib/libsqlite3.dylib
0x00000000269f6000 	/usr/lib/libxar.1.dylib
0x00000000269f6000 	/usr/lib/libbz2.1.0.dylib
0x00000000269f6000 	/usr/lib/liblzma.5.dylib
0x00000000269f6000 	/usr/lib/libnetwork.dylib
0x00000000269f6000 	/usr/lib/libpcap.A.dylib
0x00000000269f6000 	/System/Library/Frameworks/CoreServices.framework/Versions/A/Frameworks/FSEvents.framework/Versions/A/FSEvents
0x00000000269f6000 	/System/Library/Frameworks/CoreServices.framework/Versions/A/Frameworks/CarbonCore.framework/Versions/A/CarbonCore
0x00000000269f6000 	/System/Library/Frameworks/CoreServices.framework/Versions/A/Frameworks/Metadata.framework/Versions/A/Metadata
0x00000000269f6000 	/System/Library/Frameworks/CoreServices.framework/Versions/A/Frameworks/OSServices.framework/Versions/A/OSServices
0x00000000269f6000 	/System/Library/Frameworks/CoreServices.framework/Versions/A/Frameworks/SearchKit.framework/Versions/A/SearchKit
0x00000000269f6000 	/System/Library/Frameworks/CoreServices.framework/Versions/A/Frameworks/AE.framework/Versions/A/AE
0x00000000269f6000 	/System/Library/Frameworks/CoreServices.framework/Versions/A/Frameworks/LaunchServices.framework/Versions/A/LaunchServices
0x00000000269f6000 	/System/Library/Frameworks/CoreServices.framework/Versions/A/Frameworks/DictionaryServices.framework/Versions/A/DictionaryServices
0x00000000269f6000 	/System/Library/Frameworks/CoreServices.framework/Versions/A/Frameworks/SharedFileList.framework/Versions/A/SharedFileList
0x00000000269f6000 	/System/Library/Frameworks/NetFS.framework/Versions/A/NetFS
0x00000000269f6000 	/System/Library/PrivateFrameworks/NetAuth.framework/Versions/A/NetAuth
0x00000000269f6000 	/System/Library/PrivateFrameworks/login.framework/Versions/A/Frameworks/loginsupport.framework/Versions/A/loginsupport
0x00000000269f6000 	/System/Library/PrivateFrameworks/TCC.framework/Versions/A/TCC
0x00000000269f6000 	/usr/lib/libmecabra.dylib
0x00000000269f6000 	/System/Library/Frameworks/ApplicationServices.framework/Versions/A/Frameworks/ATS.framework/Versions/A/ATS
0x00000000269f6000 	/System/Library/Frameworks/ApplicationServices.framework/Versions/A/Frameworks/ColorSync.framework/Versions/A/ColorSync
0x00000000269f6000 	/System/Library/Frameworks/ApplicationServices.framework/Versions/A/Frameworks/HIServices.framework/Versions/A/HIServices
0x00000000269f6000 	/System/Library/Frameworks/ApplicationServices.framework/Versions/A/Frameworks/LangAnalysis.framework/Versions/A/LangAnalysis
0x00000000269f6000 	/System/Library/Frameworks/ApplicationServices.framework/Versions/A/Frameworks/PrintCore.framework/Versions/A/PrintCore
0x00000000269f6000 	/System/Library/Frameworks/ApplicationServices.framework/Versions/A/Frameworks/QD.framework/Versions/A/QD
0x00000000269f6000 	/System/Library/Frameworks/ApplicationServices.framework/Versions/A/Frameworks/SpeechSynthesis.framework/Versions/A/SpeechSynthesis
0x00000000269f6000 	/System/Library/Frameworks/Accelerate.framework/Versions/A/Frameworks/vImage.framework/Versions/A/vImage
0x00000000269f6000 	/System/Library/Frameworks/Accelerate.framework/Versions/A/Frameworks/vecLib.framework/Versions/A/vecLib
0x00000000269f6000 	/System/Library/Frameworks/Accelerate.framework/Versions/A/Frameworks/vecLib.framework/Versions/A/libvDSP.dylib
0x00000000269f6000 	/System/Library/Frameworks/Accelerate.framework/Versions/A/Frameworks/vecLib.framework/Versions/A/libBNNS.dylib
0x00000000269f6000 	/System/Library/Frameworks/Accelerate.framework/Versions/A/Frameworks/vecLib.framework/Versions/A/libQuadrature.dylib
0x00000000269f6000 	/System/Library/Frameworks/Accelerate.framework/Versions/A/Frameworks/vecLib.framework/Versions/A/libvMisc.dylib
0x00000000269f6000 	/System/Library/Frameworks/Accelerate.framework/Versions/A/Frameworks/vecLib.framework/Versions/A/libLAPACK.dylib
0x00000000269f6000 	/System/Library/Frameworks/Accelerate.framework/Versions/A/Frameworks/vecLib.framework/Versions/A/libBLAS.dylib
0x00000000269f6000 	/System/Library/Frameworks/Accelerate.framework/Versions/A/Frameworks/vecLib.framework/Versions/A/libLinearAlgebra.dylib
0x00000000269f6000 	/System/Library/Frameworks/Accelerate.framework/Versions/A/Frameworks/vecLib.framework/Versions/A/libSparseBLAS.dylib
0x00000000269f6000 	/System/Library/Frameworks/ApplicationServices.framework/Versions/A/Frameworks/ATS.framework/Versions/A/Resources/libFontParser.dylib
0x00000000269f6000 	/System/Library/Frameworks/ApplicationServices.framework/Versions/A/Frameworks/ATS.framework/Versions/A/Resources/libFontRegistry.dylib
0x00000000269f6000 	/System/Library/Frameworks/ImageIO.framework/Versions/A/Resources/libJPEG.dylib
0x00000000269f6000 	/System/Library/Frameworks/ImageIO.framework/Versions/A/Resources/libTIFF.dylib
0x00000000269f6000 	/System/Library/Frameworks/ImageIO.framework/Versions/A/Resources/libPng.dylib
0x00000000269f6000 	/System/Library/Frameworks/ImageIO.framework/Versions/A/Resources/libGIF.dylib
0x00000000269f6000 	/System/Library/Frameworks/ImageIO.framework/Versions/A/Resources/libJP2.dylib
0x00000000269f6000 	/System/Library/Frameworks/ImageIO.framework/Versions/A/Resources/libRadiance.dylib
0x00000000269f6000 	/usr/lib/libcompression.dylib
0x00000000269f6000 	/System/Library/PrivateFrameworks/AppleJPEG.framework/Versions/A/AppleJPEG
0x00000000269f6000 	/usr/lib/libcups.2.dylib
0x00000000269f6000 	/System/Library/Frameworks/Kerberos.framework/Versions/A/Kerberos
0x00000000269f6000 	/System/Library/Frameworks/GSS.framework/Versions/A/GSS
0x00000000269f6000 	/usr/lib/libresolv.9.dylib
0x00000000269f6000 	/usr/lib/libiconv.2.dylib
0x00000000269f6000 	/System/Library/PrivateFrameworks/Heimdal.framework/Versions/A/Heimdal
0x00000000269f6000 	/usr/lib/libheimdal-asn1.dylib
0x00000000269f6000 	/System/Library/Frameworks/OpenDirectory.framework/Versions/A/OpenDirectory
0x00000000269f6000 	/System/Library/PrivateFrameworks/CommonAuth.framework/Versions/A/CommonAuth
0x00000000269f6000 	/System/Library/Frameworks/OpenDirectory.framework/Versions/A/Frameworks/CFOpenDirectory.framework/Versions/A/CFOpenDirectory
0x00000000269f6000 	/System/Library/Frameworks/SecurityFoundation.framework/Versions/A/SecurityFoundation
0x00000000269f6000 	/System/Library/PrivateFrameworks/LanguageModeling.framework/Versions/A/LanguageModeling
0x00000000269f6000 	/usr/lib/libmarisa.dylib
0x00000000269f6000 	/usr/lib/libChineseTokenizer.dylib
0x00000000269f6000 	/usr/lib/libcmph.dylib
0x00000000269f6000 	/System/Library/PrivateFrameworks/CoreEmoji.framework/Versions/A/CoreEmoji
0x00000000269f6000 	/System/Library/Frameworks/ServiceManagement.framework/Versions/A/ServiceManagement
0x00000000269f6000 	/usr/lib/libxslt.1.dylib
0x00000000269f6000 	/System/Library/Frameworks/Carbon.framework/Versions/A/Frameworks/Ink.framework/Versions/A/Ink
0x00000000269f6000 	/System/Library/PrivateFrameworks/TextureIO.framework/Versions/A/TextureIO
0x00000000269f6000 	/System/Library/Frameworks/Metal.framework/Versions/A/Metal
0x00000000269f6000 	/usr/lib/libate.dylib
0x00000000269f6000 	/System/Library/PrivateFrameworks/GPUCompiler.framework/libmetal_timestamp.dylib
0x00000000269f6000 	/System/Library/Frameworks/OpenGL.framework/Versions/A/Libraries/libCoreFSCache.dylib
0x00000000269f6000 	/System/Library/PrivateFrameworks/IOAccelerator.framework/Versions/A/IOAccelerator
0x00000000269f6000 	/System/Library/Frameworks/CoreVideo.framework/Versions/A/CoreVideo
0x00000000269f6000 	/usr/lib/libFosl_dynamic.dylib
0x00000000269f6000 	/System/Library/PrivateFrameworks/MetalPerformanceShaders.framework/Versions/A/MetalPerformanceShaders
0x00000000269f6000 	/System/Library/PrivateFrameworks/FaceCore.framework/Versions/A/FaceCore
0x00000000269f6000 	/System/Library/Frameworks/OpenCL.framework/Versions/A/OpenCL
0x00000000269f6000 	/System/Library/Frameworks/OpenGL.framework/Versions/A/Libraries/libGLU.dylib
0x00000000269f6000 	/System/Library/Frameworks/OpenGL.framework/Versions/A/Libraries/libGFXShared.dylib
0x00000000269f6000 	/System/Library/Frameworks/OpenGL.framework/Versions/A/Libraries/libGL.dylib
0x00000000269f6000 	/System/Library/Frameworks/OpenGL.framework/Versions/A/Libraries/libGLImage.dylib
0x00000000269f6000 	/System/Library/Frameworks/OpenGL.framework/Versions/A/Libraries/libCVMSPluginSupport.dylib
0x00000000269f6000 	/System/Library/Frameworks/OpenGL.framework/Versions/A/Libraries/libCoreVMClient.dylib
0x00000000269f6000 	/System/Library/PrivateFrameworks/CrashReporterSupport.framework/Versions/A/CrashReporterSupport
0x00000000269f6000 	/System/Library/PrivateFrameworks/Sharing.framework/Versions/A/Sharing
0x00000000269f6000 	/System/Library/PrivateFrameworks/IconServices.framework/Versions/A/IconServices
0x00000000269f6000 	/System/Library/PrivateFrameworks/ProtocolBuffer.framework/Versions/A/ProtocolBuffer
0x00000000269f6000 	/System/Library/PrivateFrameworks/Apple80211.framework/Versions/A/Apple80211
0x00000000269f6000 	/System/Library/Frameworks/CoreWLAN.framework/Versions/A/CoreWLAN
0x00000000269f6000 	/System/Library/PrivateFrameworks/CoreUtils.framework/Versions/A/CoreUtils
0x00000000269f6000 	/System/Library/Frameworks/IOBluetooth.framework/Versions/A/IOBluetooth
0x00000000269f6000 	/System/Library/PrivateFrameworks/CoreWiFi.framework/Versions/A/CoreWiFi
0x00000000269f6000 	/System/Library/Frameworks/CoreBluetooth.framework/Versions/A/CoreBluetooth
0x00000000269f6000 	/System/Library/Frameworks/CoreDisplay.framework/Versions/A/CoreDisplay
0x00000000269f6000 	/System/Library/PrivateFrameworks/IOPresentment.framework/Versions/A/IOPresentment
0x00000000269f6000 	/System/Library/PrivateFrameworks/DSExternalDisplay.framework/Versions/A/DSExternalDisplay
0x00000000269f6000 	/System/Library/PrivateFrameworks/DebugSymbols.framework/Versions/A/DebugSymbols
0x00000000269f6000 	/System/Library/PrivateFrameworks/CoreSymbolication.framework/Versions/A/CoreSymbolication
0x00000000269f6000 	/System/Library/PrivateFrameworks/Symbolication.framework/Versions/A/Symbolication
0x00000000269f6000 	/System/Library/PrivateFrameworks/AppleFSCompression.framework/Versions/A/AppleFSCompression
0x00000000269f6000 	/System/Library/PrivateFrameworks/SpeechRecognitionCore.framework/Versions/A/SpeechRecognitionCore
0x00000000269f6000 	/System/Library/PrivateFrameworks/ChunkingLibrary.framework/Versions/A/ChunkingLibrary
0x0000000104400000 	/Library/Java/JavaVirtualMachines/jdk1.8.0_131.jdk/Contents/Home/jre/lib/server/libjvm.dylib
0x00000000269f6000 	/usr/lib/libstdc++.6.dylib
0x0000000103241000 	/Library/Java/JavaVirtualMachines/jdk1.8.0_131.jdk/Contents/Home/jre/lib/libverify.dylib
0x000000010324f000 	/Library/Java/JavaVirtualMachines/jdk1.8.0_131.jdk/Contents/Home/jre/lib/libjava.dylib
0x000000010328e000 	/Library/Java/JavaVirtualMachines/jdk1.8.0_131.jdk/Contents/Home/jre/lib/libzip.dylib
0x000000010c825000 	/System/Library/Frameworks/JavaVM.framework/Frameworks/JavaRuntimeSupport.framework/JavaRuntimeSupport
0x000000010c83f000 	/System/Library/Frameworks/JavaVM.framework/Versions/A/Frameworks/JavaNativeFoundation.framework/Versions/A/JavaNativeFoundation
0x000000010c854000 	/System/Library/Frameworks/JavaVM.framework/Versions/A/JavaVM
0x00000000269f6000 	/System/Library/Frameworks/Carbon.framework/Versions/A/Carbon
0x000000010c861000 	/System/Library/PrivateFrameworks/JavaLaunching.framework/Versions/A/JavaLaunching
0x00000000269f6000 	/System/Library/Frameworks/Carbon.framework/Versions/A/Frameworks/CommonPanels.framework/Versions/A/CommonPanels
0x00000000269f6000 	/System/Library/Frameworks/Carbon.framework/Versions/A/Frameworks/Help.framework/Versions/A/Help
0x00000000269f6000 	/System/Library/Frameworks/Carbon.framework/Versions/A/Frameworks/ImageCapture.framework/Versions/A/ImageCapture
0x00000000269f6000 	/System/Library/Frameworks/Carbon.framework/Versions/A/Frameworks/OpenScripting.framework/Versions/A/OpenScripting
0x00000000269f6000 	/System/Library/Frameworks/Carbon.framework/Versions/A/Frameworks/Print.framework/Versions/A/Print
0x00000000269f6000 	/System/Library/Frameworks/Carbon.framework/Versions/A/Frameworks/SecurityHI.framework/Versions/A/SecurityHI
0x000000010e23a000 	/Library/Java/JavaVirtualMachines/jdk1.8.0_131.jdk/Contents/Home/jre/lib/libprism_es2.dylib
0x000000010e2a0000 	/System/Library/Frameworks/OpenGL.framework/Resources/GLEngine.bundle/GLEngine
0x00000000269f6000 	/System/Library/Frameworks/OpenGL.framework/Versions/A/Libraries/libGLProgrammability.dylib
0x000000010e485000 	/System/Library/Extensions/AppleIntelHD4000GraphicsGLDriver.bundle/Contents/MacOS/AppleIntelHD4000GraphicsGLDriver
0x00000000269f6000 	/System/Library/PrivateFrameworks/GPUSupport.framework/Versions/A/Libraries/libGPUSupportMercury.dylib
0x00000000269f6000 	/System/Library/Extensions/GeForceGLDriver.bundle/Contents/MacOS/GeForceGLDriver
0x00000000269f6000 	/System/Library/Extensions/GeForceGLDriver.bundle/Contents/MacOS/libclh.dylib
0x000000010ea97000 	/System/Library/Frameworks/OpenGL.framework/Resources//GLRendererFloat.bundle/GLRendererFloat
0x00000000269f6000 	/System/Library/Frameworks/OpenCL.framework/Versions/A/Libraries/libcldcpuengine.dylib
0x00000000269f6000 	/usr/lib/libcrypto.0.9.8.dylib
0x00000000269f6000 	/System/Library/PrivateFrameworks/TrustEvaluationAgent.framework/Versions/A/TrustEvaluationAgent
0x000000010ed33000 	/Library/Java/JavaVirtualMachines/jdk1.8.0_131.jdk/Contents/Home/jre/lib/libglass.dylib
0x00000000269f6000 	/System/Library/PrivateFrameworks/CoreServicesInternal.framework/Versions/A/CoreServicesInternal
0x00000000269f6000 	/System/Library/CoreServices/RawCamera.bundle/Contents/MacOS/RawCamera
0x000000010eeb6000 	/System/Library/Frameworks/Accelerate.framework/Frameworks/vImage.framework/Versions/A/Libraries/libCGInterfaces.dylib
0x00000000269f6000 	/System/Library/PrivateFrameworks/FamilyControls.framework/Versions/A/FamilyControls
0x00000000269f6000 	/System/Library/PrivateFrameworks/CommerceKit.framework/Versions/A/Frameworks/CommerceCore.framework/Versions/A/CommerceCore
0x00000000269f6000 	/System/Library/PrivateFrameworks/SystemAdministration.framework/Versions/A/SystemAdministration
0x00000000269f6000 	/System/Library/PrivateFrameworks/AppContainer.framework/Versions/A/AppContainer
0x00000000269f6000 	/System/Library/PrivateFrameworks/SecCodeWrapper.framework/Versions/A/SecCodeWrapper
0x00000000269f6000 	/System/Library/Frameworks/DirectoryService.framework/Versions/A/DirectoryService
0x00000000269f6000 	/System/Library/PrivateFrameworks/DiskImages.framework/Versions/A/DiskImages
0x00000000269f6000 	/System/Library/PrivateFrameworks/LoginUIKit.framework/Versions/A/Frameworks/LoginUICore.framework/Versions/A/LoginUICore
0x00000000269f6000 	/usr/lib/libCoreStorage.dylib
0x00000000269f6000 	/usr/lib/libcsfde.dylib
0x00000000269f6000 	/usr/lib/libodfde.dylib
0x00000000269f6000 	/System/Library/Frameworks/DiscRecording.framework/Versions/A/DiscRecording
0x00000000269f6000 	/usr/lib/libcurl.4.dylib
0x00000000269f6000 	/System/Library/PrivateFrameworks/MediaKit.framework/Versions/A/MediaKit
0x00000000269f6000 	/System/Library/PrivateFrameworks/ProtectedCloudStorage.framework/Versions/A/ProtectedCloudStorage
0x00000000269f6000 	/System/Library/PrivateFrameworks/EFILogin.framework/Versions/A/EFILogin
0x00000000269f6000 	/usr/lib/libutil.dylib
0x00000000269f6000 	/System/Library/Frameworks/LDAP.framework/Versions/A/LDAP
0x00000000269f6000 	/usr/lib/libsasl2.2.dylib
0x00000000269f6000 	/System/Library/PrivateFrameworks/CoreDaemon.framework/Versions/B/CoreDaemon
0x00000000269f6000 	/System/Library/PrivateFrameworks/AppleSRP.framework/Versions/A/AppleSRP
0x00000000269f6000 	/System/Library/PrivateFrameworks/APFS.framework/Versions/A/APFS
0x0000000112597000 	/Library/Java/JavaVirtualMachines/jdk1.8.0_131.jdk/Contents/Home/jre/lib/libjavafx_font.dylib
0x00000000269f6000 	/System/Library/Frameworks/ApplicationServices.framework/Versions/A/Frameworks/ATS.framework/Versions/A/Resources/libTrueTypeScaler.dylib
0x00000000269f6000 	/System/Library/Extensions/GeForceMTLDriver.bundle/Contents/MacOS/GeForceMTLDriver
0x000000012465a000 	/System/Library/Extensions/AppleIntelHD4000GraphicsMTLDriver.bundle/Contents/MacOS/AppleIntelHD4000GraphicsMTLDriver
0x0000000125007000 	/Library/Java/JavaVirtualMachines/jdk1.8.0_131.jdk/Contents/Home/jre/lib/libprism_common.dylib
0x00000000269f6000 	/System/Library/PrivateFrameworks/ViewBridge.framework/Versions/A/ViewBridge
0x00000000269f6000 	/System/Library/PrivateFrameworks/XPCService.framework/Versions/A/XPCService
0x00000000269f6000 	/System/Library/PrivateFrameworks/AppSandbox.framework/Versions/A/AppSandbox
0x00000000269f6000 	/usr/lib/libsandbox.1.dylib
0x00000000269f6000 	/usr/lib/libMatch.1.dylib
0x0000000126e73000 	/Library/Java/JavaVirtualMachines/jdk1.8.0_131.jdk/Contents/Home/jre/lib/libjavafx_iio.dylib
0x0000000127319000 	/Library/Java/JavaVirtualMachines/jdk1.8.0_131.jdk/Contents/Home/jre/lib/libsunec.dylib
0x0000000127341000 	/Library/Java/JavaVirtualMachines/jdk1.8.0_131.jdk/Contents/Home/jre/lib/libnet.dylib
0x00000001273ab000 	/Library/Java/JavaVirtualMachines/jdk1.8.0_131.jdk/Contents/Home/jre/lib/libnio.dylib
0x00000001296c5000 	/Library/Java/JavaVirtualMachines/jdk1.8.0_131.jdk/Contents/Home/jre/lib/libjfxwebkit.dylib
0x000000012c930000 	/Library/Java/JavaVirtualMachines/jdk1.8.0_131.jdk/Contents/Home/jre/lib/libglib-lite.dylib
0x000000012ca51000 	/Library/Java/JavaVirtualMachines/jdk1.8.0_131.jdk/Contents/Home/jre/lib/libgstreamer-lite.dylib
0x00000001276d1000 	/Library/Java/JavaVirtualMachines/jdk1.8.0_131.jdk/Contents/Home/jre/lib/libjfxmedia.dylib
0x000000012c100000 	/Library/Java/JavaVirtualMachines/jdk1.8.0_131.jdk/Contents/Home/jre/lib/libjfxmedia_avf.dylib
0x00000000269f6000 	/System/Library/Frameworks/AVFoundation.framework/Versions/A/AVFoundation
0x00000000269f6000 	/System/Library/Frameworks/CoreMedia.framework/Versions/A/CoreMedia
0x00000000269f6000 	/System/Library/Frameworks/MediaToolbox.framework/Versions/A/MediaToolbox
0x00000000269f6000 	/System/Library/Frameworks/AVFoundation.framework/Versions/A/Frameworks/AVFAudio.framework/Versions/A/AVFAudio
0x00000000269f6000 	/System/Library/Frameworks/VideoToolbox.framework/Versions/A/VideoToolbox
0x00000000269f6000 	/System/Library/PrivateFrameworks/IntlPreferences.framework/Versions/A/IntlPreferences
0x00000000269f6000 	/System/Library/Frameworks/CoreMediaIO.framework/Versions/A/CoreMediaIO
0x00000000269f6000 	/usr/lib/libspindump.dylib
0x00000000269f6000 	/usr/lib/libdscsym.dylib
0x00000000269f6000 	/System/Library/PrivateFrameworks/CoreAVCHD.framework/Versions/A/CoreAVCHD
0x00000000269f6000 	/System/Library/Frameworks/MediaAccessibility.framework/Versions/A/MediaAccessibility
0x00000000269f6000 	/System/Library/PrivateFrameworks/Mangrove.framework/Versions/A/Mangrove
0x00000000269f6000 	/System/Library/PrivateFrameworks/CoreAUC.framework/Versions/A/CoreAUC
0x00000000269f6000 	/System/Library/PrivateFrameworks/AppleVA.framework/Versions/A/AppleVA
0x000000012770c000 	/Library/Java/JavaVirtualMachines/jdk1.8.0_131.jdk/Contents/Home/jre/lib/libjfxmedia_qtkit.dylib
0x00000000269f6000 	/System/Library/Frameworks/QTKit.framework/Versions/A/QTKit
0x00000000269f6000 	/System/Library/PrivateFrameworks/CoreMediaAuthoring.framework/Versions/A/CoreMediaAuthoring
0x000000012df85000 	/Library/Java/JavaVirtualMachines/jdk1.8.0_131.jdk/Contents/Home/jre/lib/libfxplugins.dylib
0x000000012b7f5000 	/System/Library/Frameworks/VideoDecodeAcceleration.framework/Versions/A/VideoDecodeAcceleration
0x000000012c1f2000 	/System/Library/Extensions/AppleHDA.kext/Contents/PlugIns/AppleHDAHALPlugIn.bundle/Contents/MacOS/AppleHDAHALPlugIn
0x000000012f600000 	/System/Library/Components/CoreAudio.component/Contents/MacOS/CoreAudio
0x00000000269f6000 	/System/Library/PrivateFrameworks/AppleGVA.framework/Versions/A/AppleGVA
0x000000012f940000 	/System/Library/Extensions/AppleIntelHD4000GraphicsVADriver.bundle/Contents/MacOS/AppleIntelHD4000GraphicsVADriver
0x000000012fb4d000 	/System/Library/Extensions/GeForceVADriver.bundle/Contents/MacOS/GeForceVADriver
0x000000010eacb000 	/System/Library/Extensions/AppleIntelIVBVA.bundle/Contents/MacOS/AppleIntelIVBVA
0x0000000130215000 	/System/Library/Components/AudioCodecs.component/Contents/MacOS/AudioCodecs
0x00000000269f6000 	/System/Library/PrivateFrameworks/RTCReporting.framework/Versions/A/RTCReporting
0x00000000269f6000 	/System/Library/PrivateFrameworks/WirelessDiagnostics.framework/Versions/A/WirelessDiagnostics
0x00000000269f6000 	/System/Library/PrivateFrameworks/WirelessDiagnostics.framework/Versions/A/Libraries/libAWDSupportFramework.dylib
0x00000000269f6000 	/usr/lib/libTelephonyUtilDynamic.dylib
0x00000000269f6000 	/System/Library/PrivateFrameworks/WirelessDiagnostics.framework/Versions/A/Libraries/libprotobuf.dylib

VM Arguments:
jvm_args: -Dfile.encoding=UTF-8 
java_command: edu.cis.CIS350.MovieDB.Main
java_class_path (initial): /Users/brandon/Documents/workspace/MovieDB/bin:/Users/brandon/Documents/workspace/MovieDB/src/lib/commons-codec-1.10.jar:/Users/brandon/Documents/workspace/MovieDB/src/lib/commons-lang3-3.4.jar:/Users/brandon/Documents/workspace/MovieDB/src/lib/guava-19.0.jar:/Users/brandon/Documents/workspace/MovieDB/src/lib/jackson-annotations-2.7.4.jar:/Users/brandon/Documents/workspace/MovieDB/src/lib/jackson-core-2.7.4.jar:/Users/brandon/Documents/workspace/MovieDB/src/lib/jackson-databind-2.7.4.jar:/Users/brandon/Documents/workspace/MovieDB/src/lib/slf4j-api-1.7.21.jar:/Users/brandon/Documents/workspace/MovieDB/src/lib/slf4j-simple-1.7.21.jar:/Users/brandon/Documents/workspace/MovieDB/src/lib/themoviedbapi-1.5.jar:/Users/brandon/Documents/workspace/MovieDB/src/lib/jfoenix.jar:/Applications/Eclipse.app/Contents/Eclipse/plugins/org.junit_4.12.0.v201504281640/junit.jar:/Applications/Eclipse.app/Contents/Eclipse/plugins/org.hamcrest.core_1.3.0.v201303031735.jar:/Applications/Eclipse.app/Contents/Eclipse/plugins/org.eclipse.fx.ide.css.jfx8_2.4.0.201605112122.jar:/Users/brandon/Documents/workspace/MovieDB/src/lib/json-20170516.jar:/Users/brandon/Documents/workspace/MovieDB/src/lib/twitter4j-core-4.0.4.jar
Launcher Type: SUN_STANDARD

Environment Variables:
PATH=/usr/bin:/bin:/usr/sbin:/sbin
SHELL=/bin/bash
DISPLAY=/private/tmp/com.apple.launchd.z591gWlnPq/org.macosforge.xquartz:0

Signal Handlers:
SIGSEGV: [libjvm.dylib+0x5b1eb1], sa_mask[0]=11111111011111110111111111111111, sa_flags=SA_ONSTACK|SA_RESTART|SA_SIGINFO
SIGBUS: [libjvm.dylib+0x5b1eb1], sa_mask[0]=11111111011111110111111111111111, sa_flags=SA_RESTART|SA_SIGINFO
SIGFPE: [libjvm.dylib+0x488988], sa_mask[0]=11111111011111110111111111111111, sa_flags=SA_RESTART|SA_SIGINFO
SIGPIPE: [libjvm.dylib+0x488988], sa_mask[0]=11111111011111110111111111111111, sa_flags=SA_RESTART|SA_SIGINFO
SIGXFSZ: [libjvm.dylib+0x488988], sa_mask[0]=11111111011111110111111111111111, sa_flags=SA_RESTART|SA_SIGINFO
SIGILL: [libjvm.dylib+0x488988], sa_mask[0]=11111111011111110111111111111111, sa_flags=SA_RESTART|SA_SIGINFO
SIGUSR1: SIG_DFL, sa_mask[0]=00000000000000000000000000000000, sa_flags=none
SIGUSR2: [libjvm.dylib+0x4884a6], sa_mask[0]=00100000000000000000000000000000, sa_flags=SA_RESTART|SA_SIGINFO
SIGHUP: [libjvm.dylib+0x486a7d], sa_mask[0]=11111111011111110111111111111111, sa_flags=SA_RESTART|SA_SIGINFO
SIGINT: [libjvm.dylib+0x486a7d], sa_mask[0]=11111111011111110111111111111111, sa_flags=SA_RESTART|SA_SIGINFO
SIGTERM: [libjvm.dylib+0x486a7d], sa_mask[0]=11111111011111110111111111111111, sa_flags=SA_RESTART|SA_SIGINFO
SIGQUIT: [libjvm.dylib+0x486a7d], sa_mask[0]=11111111011111110111111111111111, sa_flags=SA_RESTART|SA_SIGINFO


---------------  S Y S T E M  ---------------

OS:Bsduname:Darwin 16.7.0 Darwin Kernel Version 16.7.0: Thu Jun 15 17:36:27 PDT 2017; root:xnu-3789.70.16~2/RELEASE_X86_64 x86_64
rlimit: STACK 8192k, CORE 0k, NPROC 709, NOFILE 10240, AS infinity
load average:2.42 2.20 2.14

CPU:total 8 (initial active 8) (4 cores per cpu, 2 threads per core) family 6 model 58 stepping 9, cmov, cx8, fxsr, mmx, sse, sse2, sse3, ssse3, sse4.1, sse4.2, popcnt, avx, aes, clmul, erms, ht, tsc, tscinvbit, tscinv

Memory: 4k page, physical 8388608k(523396k free)

/proc/meminfo:


vm_info: Java HotSpot(TM) 64-Bit Server VM (25.131-b11) for bsd-amd64 JRE (1.8.0_131-b11), built on Mar 15 2017 01:32:22 by "java_re" with gcc 4.2.1 (Based on Apple Inc. build 5658) (LLVM build 2336.11.00)

time: Wed Jul 26 16:05:28 2017
elapsed time: 11 seconds (0d 0h 0m 11s)

